Flow report for top
Thu Feb 28 13:24:30 2013
Quartus II 32-bit Version 11.1 Build 173 11/01/2011 SJ Full Version


---------------------
; Table of Contents ;
---------------------
  1. Legal Notice
  2. Flow Summary
  3. Flow Settings
  4. Flow Non-Default Global Settings
  5. Flow Elapsed Time
  6. Flow OS Summary
  7. Flow Log



----------------
; Legal Notice ;
----------------
Copyright (C) 1991-2011 Altera Corporation
Your use of Altera Corporation's design tools, logic functions 
and other software and tools, and its AMPP partner logic 
functions, and any output files from any of the foregoing 
(including device programming or simulation files), and any 
associated documentation or information are expressly subject 
to the terms and conditions of the Altera Program License 
Subscription Agreement, Altera MegaCore Function License 
Agreement, or other applicable license agreement, including, 
without limitation, that your use is for the sole purpose of 
programming logic devices manufactured by Altera and sold by 
Altera or its authorized distributors.  Please refer to the 
applicable agreement for further details.



+--------------------------------------------------------------------------------+
; Flow Summary                                                                   ;
+------------------------------------+-------------------------------------------+
; Flow Status                        ; Successful - Thu Feb 28 13:24:17 2013     ;
; Quartus II 32-bit Version          ; 11.1 Build 173 11/01/2011 SJ Full Version ;
; Revision Name                      ; top                                       ;
; Top-level Entity Name              ; top                                       ;
; Family                             ; Cyclone II                                ;
; Device                             ; EP2C35F672C6                              ;
; Timing Models                      ; Final                                     ;
; Total logic elements               ; 14,718 / 33,216 ( 44 % )                  ;
;     Total combinational functions  ; 11,399 / 33,216 ( 34 % )                  ;
;     Dedicated logic registers      ; 10,277 / 33,216 ( 31 % )                  ;
; Total registers                    ; 10277                                     ;
; Total pins                         ; 280 / 475 ( 59 % )                        ;
; Total virtual pins                 ; 0                                         ;
; Total memory bits                  ; 369,088 / 483,840 ( 76 % )                ;
; Embedded Multiplier 9-bit elements ; 70 / 70 ( 100 % )                         ;
; Total PLLs                         ; 1 / 4 ( 25 % )                            ;
+------------------------------------+-------------------------------------------+


+-----------------------------------------+
; Flow Settings                           ;
+-------------------+---------------------+
; Option            ; Setting             ;
+-------------------+---------------------+
; Start date & time ; 02/28/2013 13:16:22 ;
; Main task         ; Compilation         ;
; Revision Name     ; top                 ;
+-------------------+---------------------+


+------------------------------------------------------------------------------------------------------------------------------------------------------------------------------+
; Flow Non-Default Global Settings                                                                                                                                             ;
+-----------------------------------------+------------------------------------------------------------------------+--------------------------------+-------------+------------+
; Assignment Name                         ; Value                                                                  ; Default Value                  ; Entity Name ; Section Id ;
+-----------------------------------------+------------------------------------------------------------------------+--------------------------------+-------------+------------+
; COMPILER_SIGNATURE_ID                   ; 145320950606197.136207538104165                                        ; --                             ; --          ; --         ;
; CYCLONEII_OPTIMIZATION_TECHNIQUE        ; Speed                                                                  ; Balanced                       ; --          ; --         ;
; ENABLE_CLOCK_LATENCY                    ; On                                                                     ; Off                            ; --          ; --         ;
; FITTER_EFFORT                           ; Standard Fit                                                           ; Auto Fit                       ; --          ; --         ;
; IP_TOOL_NAME                            ; FFT                                                                    ; --                             ; --          ; --         ;
; IP_TOOL_VERSION                         ; 11.1                                                                   ; --                             ; --          ; --         ;
; MAX_CORE_JUNCTION_TEMP                  ; 85                                                                     ; --                             ; --          ; --         ;
; MIN_CORE_JUNCTION_TEMP                  ; 0                                                                      ; --                             ; --          ; --         ;
; MISC_FILE                               ; fft-library/asj_fft_wrengen_fft_111.vhd                                ; --                             ; --          ; --         ;
; MISC_FILE                               ; fft-library/auk_dspip_r22sdf_adder_fp_fft_111.vhd                      ; --                             ; --          ; --         ;
; MISC_FILE                               ; fft-library/asj_fft_in_write_sgl_fft_111.vhd                           ; --                             ; --          ; --         ;
; MISC_FILE                               ; fft-library/auk_dspip_bit_reverse_core_fft_111.vhd                     ; --                             ; --          ; --         ;
; MISC_FILE                               ; fft-library/asj_fft_data_ram_fft_111.vhd                               ; --                             ; --          ; --         ;
; MISC_FILE                               ; fft-library/asj_fft_dp_mram_fft_111.vhd                                ; --                             ; --          ; --         ;
; MISC_FILE                               ; fft-library/asj_fft_bfp_o_1pt_fft_111.vhd                              ; --                             ; --          ; --         ;
; MISC_FILE                               ; fft-library/asj_fft_cxb_addr_fft_111.vhd                               ; --                             ; --          ; --         ;
; MISC_FILE                               ; fft-library/apn_fft_cmult_cpx_fft_111.vhd                              ; --                             ; --          ; --         ;
; MISC_FILE                               ; fft-library/asj_fft_si_sose_so_b_fft_111.vhd                           ; --                             ; --          ; --         ;
; MISC_FILE                               ; fft-library/apn_fftfp_rvsctl_fft_111.vhd                               ; --                             ; --          ; --         ;
; MISC_FILE                               ; fft-library/apn_fftfp_del_fft_111.vhd                                  ; --                             ; --          ; --         ;
; MISC_FILE                               ; fft-library/asj_fft_si_de_so_b_fft_111.vhd                             ; --                             ; --          ; --         ;
; MISC_FILE                               ; fft-library/asj_fft_dft_bfp_fft_111.vhd                                ; --                             ; --          ; --         ;
; MISC_FILE                               ; fft-library/asj_fft_tdl_fft_111.vhd                                    ; --                             ; --          ; --         ;
; MISC_FILE                               ; fft-library/auk_dspip_fpcompiler_castxtof_fft_111.vhd                  ; --                             ; --          ; --         ;
; MISC_FILE                               ; fft-library/apn_fftfp_lsft32_fft_111.vhd                               ; --                             ; --          ; --         ;
; MISC_FILE                               ; fft-library/asj_fft_si_qe_so_b_fft_111.vhd                             ; --                             ; --          ; --         ;
; MISC_FILE                               ; fft-library/apn_fftfp_snorm_mul_fft_111.vhd                            ; --                             ; --          ; --         ;
; MISC_FILE                               ; fft-library/auk_dspip_bit_reverse_addr_control_fft_111.vhd             ; --                             ; --          ; --         ;
; MISC_FILE                               ; fft-library/apn_fftfp_dft4_fft_111.vhd                                 ; --                             ; --          ; --         ;
; MISC_FILE                               ; fft-library/auk_dspip_fpcompiler_castftox_fft_111.vhd                  ; --                             ; --          ; --         ;
; MISC_FILE                               ; fft-library/asj_fft_mult_add_fft_111.vhd                               ; --                             ; --          ; --         ;
; MISC_FILE                               ; fft-library/asj_fft_twadgen_dual_fft_111.vhd                           ; --                             ; --          ; --         ;
; MISC_FILE                               ; fft-library/apn_fftfp_core_fft_111.vhd                                 ; --                             ; --          ; --         ;
; MISC_FILE                               ; fft-library/asj_fft_burst_ctrl_de_fft_111.vhd                          ; --                             ; --          ; --         ;
; MISC_FILE                               ; fft-library/auk_dspip_fpcompiler_aslf_fft_111.vhd                      ; --                             ; --          ; --         ;
; MISC_FILE                               ; fft-library/asj_fft_wrswgen_fft_111.vhd                                ; --                             ; --          ; --         ;
; MISC_FILE                               ; fft-library/apn_fftfp_add_fft_111.vhd                                  ; --                             ; --          ; --         ;
; MISC_FILE                               ; fft-library/asj_fft_1dp_ram_fft_111.vhd                                ; --                             ; --          ; --         ;
; MISC_FILE                               ; fft-library/apn_hcc_sgnpstn_fft_111.vhd                                ; --                             ; --          ; --         ;
; MISC_FILE                               ; fft-library/asj_fft_bfp_i_fft_111.vhd                                  ; --                             ; --          ; --         ;
; MISC_FILE                               ; fft-library/apn_fftfp_rsft32_fft_111.vhd                               ; --                             ; --          ; --         ;
; MISC_FILE                               ; fft-library/auk_dspip_r22sdf_cma_bfi_fp_fft_111.vhd                    ; --                             ; --          ; --         ;
; MISC_FILE                               ; fft-library/asj_fft_twadgen_fft_111.vhd                                ; --                             ; --          ; --         ;
; MISC_FILE                               ; fft-library/asj_fft_dataadgen_fft_111.vhd                              ; --                             ; --          ; --         ;
; MISC_FILE                               ; fft-library/apn_fftfp_mul_fft_111.vhd                                  ; --                             ; --          ; --         ;
; MISC_FILE                               ; fft-library/asj_fft_tdl_rst_fft_111.vhd                                ; --                             ; --          ; --         ;
; MISC_FILE                               ; fft-library/asj_fft_lpp_serial_r2_fft_111.vhd                          ; --                             ; --          ; --         ;
; MISC_FILE                               ; fft-library/asj_fft_alt_shift_tdl_fft_111.vhd                          ; --                             ; --          ; --         ;
; MISC_FILE                               ; fft-library/apn_fft_cmult_cpx2_fft_111.vhd                             ; --                             ; --          ; --         ;
; MISC_FILE                               ; fft-library/auk_dspip_avalon_streaming_source_from_monitor_fft_111.vhd ; --                             ; --          ; --         ;
; MISC_FILE                               ; fft-library/asj_fft_bfp_o_fft_111.vhd                                  ; --                             ; --          ; --         ;
; MISC_FILE                               ; fft-library/apn_fftfp_rvs_fft_111.vhd                                  ; --                             ; --          ; --         ;
; MISC_FILE                               ; fft-library/auk_dspip_r22sdf_delay_fft_111.vhd                         ; --                             ; --          ; --         ;
; MISC_FILE                               ; fft-library/auk_dspip_avalon_streaming_controller_fft_111.vhd          ; --                             ; --          ; --         ;
; MISC_FILE                               ; fft-library/auk_dspip_text_pkg_fft_111.vhd                             ; --                             ; --          ; --         ;
; MISC_FILE                               ; fft-library/asj_fft_burst_ctrl_fft_111.vhd                             ; --                             ; --          ; --         ;
; MISC_FILE                               ; fft-library/auk_dspip_r22sdf_lib_pkg_fft_111.vhd                       ; --                             ; --          ; --         ;
; MISC_FILE                               ; fft-library/asj_fft_cxb_data_r_fft_111.vhd                             ; --                             ; --          ; --         ;
; MISC_FILE                               ; fft-library/asj_fft_si_se_so_b_fft_111.vhd                             ; --                             ; --          ; --         ;
; MISC_FILE                               ; fft-library/asj_fft_unbburst_sose_ctrl_fft_111.vhd                     ; --                             ; --          ; --         ;
; MISC_FILE                               ; fft-library/apn_fft_mult_cpx_1825_fft_111.v                            ; --                             ; --          ; --         ;
; MISC_FILE                               ; fft-library/auk_dspip_r22sdf_top_fft_111.vhd                           ; --                             ; --          ; --         ;
; MISC_FILE                               ; fft-library/asj_fft_sglstream_fft_111.vhd                              ; --                             ; --          ; --         ;
; MISC_FILE                               ; fft-library/asj_fft_twadsogen_q_fft_111.vhd                            ; --                             ; --          ; --         ;
; MISC_FILE                               ; fft-library/asj_fft_unbburst_ctrl_qe_fft_111.vhd                       ; --                             ; --          ; --         ;
; MISC_FILE                               ; fft-library/apn_fftfp_top_fft_111.vhd                                  ; --                             ; --          ; --         ;
; MISC_FILE                               ; fft-library/asj_fft_lcm_mult_fft_111.vhd                               ; --                             ; --          ; --         ;
; MISC_FILE                               ; fft-library/auk_dspip_r22sdf_stg_pipe_fft_111.vhd                      ; --                             ; --          ; --         ;
; MISC_FILE                               ; fft-library/auk_dspip_r22sdf_bfi_fft_111.vhd                           ; --                             ; --          ; --         ;
; MISC_FILE                               ; fft-library/auk_dspip_r22sdf_addsub_fft_111.vhd                        ; --                             ; --          ; --         ;
; MISC_FILE                               ; fft-library/auk_dspip_avalon_streaming_block_source_fft_111.vhd        ; --                             ; --          ; --         ;
; MISC_FILE                               ; fft-library/asj_fft_4dp_ram_fft_111.vhd                                ; --                             ; --          ; --         ;
; MISC_FILE                               ; fft-library/auk_dspip_r22sdf_counter_fft_111.vhd                       ; --                             ; --          ; --         ;
; MISC_FILE                               ; fft-library/auk_dspip_r22sdf_bfii_fft_111.vhd                          ; --                             ; --          ; --         ;
; MISC_FILE                               ; fft-library/asj_fft_3tdp_rom_fft_111.vhd                               ; --                             ; --          ; --         ;
; MISC_FILE                               ; fft-library/asj_fft_data_ram_dp_fft_111.vhd                            ; --                             ; --          ; --         ;
; MISC_FILE                               ; fft-library/apn_fftfp_twiddle_fft_111.vhd                              ; --                             ; --          ; --         ;
; MISC_FILE                               ; fft-library/asj_fft_lpp_serial_fft_111.vhd                             ; --                             ; --          ; --         ;
; MISC_FILE                               ; fft-library/asj_fft_cmult_std_fft_111.vhd                              ; --                             ; --          ; --         ;
; MISC_FILE                               ; fft-library/asj_fft_cnt_ctrl_de_fft_111.vhd                            ; --                             ; --          ; --         ;
; MISC_FILE                               ; fft-library/asj_fft_3dp_rom_fft_111.vhd                                ; --                             ; --          ; --         ;
; MISC_FILE                               ; fft-library/asj_fft_tdl_bit_rst_fft_111.vhd                            ; --                             ; --          ; --         ;
; MISC_FILE                               ; fft-library/auk_dspip_fpcompiler_alufp_fft_111.vhd                     ; --                             ; --          ; --         ;
; MISC_FILE                               ; fft-library/asj_fft_lpprdadr2gen_fft_111.vhd                           ; --                             ; --          ; --         ;
; MISC_FILE                               ; fft-library/auk_dspip_r22sdf_core_fft_111.vhd                          ; --                             ; --          ; --         ;
; MISC_FILE                               ; fft-library/apn_fftfp_fft4_fft_111.vhd                                 ; --                             ; --          ; --         ;
; MISC_FILE                               ; fft-library/auk_dspip_fpcompiler_mulfp_fft_111.vhd                     ; --                             ; --          ; --         ;
; MISC_FILE                               ; fft-library/asj_fft_twid_rom_tdp_fft_111.vhd                           ; --                             ; --          ; --         ;
; MISC_FILE                               ; fft-library/apn_fftfp_sub_fft_111.vhd                                  ; --                             ; --          ; --         ;
; MISC_FILE                               ; fft-library/auk_dspip_avalon_streaming_source_model_fft_111.vhd        ; --                             ; --          ; --         ;
; MISC_FILE                               ; fft-library/auk_dspip_fpcompiler_clzf_fft_111.vhd                      ; --                             ; --          ; --         ;
; MISC_FILE                               ; fft-library/auk_dspip_avalon_streaming_monitor_fft_111.vhd             ; --                             ; --          ; --         ;
; MISC_FILE                               ; fft-library/auk_dspip_r22sdf_bf_control_fft_111.vhd                    ; --                             ; --          ; --         ;
; MISC_FILE                               ; fft-library/auk_dspip_avalon_streaming_source_fft_111.vhd              ; --                             ; --          ; --         ;
; MISC_FILE                               ; fft-library/asj_fft_burst_ctrl_qe_fft_111.vhd                          ; --                             ; --          ; --         ;
; MISC_FILE                               ; fft-library/auk_dspip_r22sdf_cma_adder_fp_fft_111.vhd                  ; --                             ; --          ; --         ;
; MISC_FILE                               ; fft-library/asj_fft_lpp_fft_111.vhd                                    ; --                             ; --          ; --         ;
; MISC_FILE                               ; fft-library/asj_fft_m_k_counter_fft_111.vhd                            ; --                             ; --          ; --         ;
; MISC_FILE                               ; fft-library/asj_fft_cmult_can_fft_111.vhd                              ; --                             ; --          ; --         ;
; MISC_FILE                               ; fft-library/fft_pack_fft_111.vhd                                       ; --                             ; --          ; --         ;
; MISC_FILE                               ; fft-library/auk_dspip_avalon_streaming_block_sink_fft_111.vhd          ; --                             ; --          ; --         ;
; MISC_FILE                               ; fft-library/apn_fftfp_snorm_fft_111.vhd                                ; --                             ; --          ; --         ;
; MISC_FILE                               ; fft-library/apn_hcc_cntsgn32_fft_111.vhd                               ; --                             ; --          ; --         ;
; MISC_FILE                               ; fft-library/apn_hcc_usgnpos_fft_111.vhd                                ; --                             ; --          ; --         ;
; MISC_FILE                               ; fft-library/apn_fft_mult_can_fft_111.vhd                               ; --                             ; --          ; --         ;
; MISC_FILE                               ; fft-library/auk_dspip_avalon_streaming_sink_model_fft_111.vhd          ; --                             ; --          ; --         ;
; MISC_FILE                               ; fft-library/apn_fftfp_stage_fft_111.vhd                                ; --                             ; --          ; --         ;
; MISC_FILE                               ; fft-library/apn_fftfp_ram_fft_111.vhd                                  ; --                             ; --          ; --         ;
; MISC_FILE                               ; fft-library/asj_fft_lcm_mult_2m_fft_111.vhd                            ; --                             ; --          ; --         ;
; MISC_FILE                               ; fft-library/asj_fft_bfp_ctrl_fft_111.vhd                               ; --                             ; --          ; --         ;
; MISC_FILE                               ; fft-library/asj_fft_pround_fft_111.vhd                                 ; --                             ; --          ; --         ;
; MISC_FILE                               ; fft-library/asj_fft_dft_bfp_sgl_fft_111.vhd                            ; --                             ; --          ; --         ;
; MISC_FILE                               ; fft-library/auk_dspip_r22sdf_cma_fft_111.vhd                           ; --                             ; --          ; --         ;
; MISC_FILE                               ; fft-library/auk_dspip_avalon_streaming_sink_fft_111.vhd                ; --                             ; --          ; --         ;
; MISC_FILE                               ; fft-library/asj_fft_3pi_mram_fft_111.vhd                               ; --                             ; --          ; --         ;
; MISC_FILE                               ; fft-library/asj_fft_bfp_i_1pt_fft_111.vhd                              ; --                             ; --          ; --         ;
; MISC_FILE                               ; fft-library/asj_fft_dpi_mram_fft_111.vhd                               ; --                             ; --          ; --         ;
; MISC_FILE                               ; fft-library/asj_fft_unbburst_ctrl_fft_111.vhd                          ; --                             ; --          ; --         ;
; MISC_FILE                               ; fft-library/asj_fft_twadsogen_fft_111.vhd                              ; --                             ; --          ; --         ;
; MISC_FILE                               ; fft-library/asj_fft_unbburst_ctrl_de_fft_111.vhd                       ; --                             ; --          ; --         ;
; MISC_FILE                               ; fft-library/asj_fft_dualstream_fft_111.vhd                             ; --                             ; --          ; --         ;
; MISC_FILE                               ; fft-library/asj_fft_cxb_data_mram_fft_111.vhd                          ; --                             ; --          ; --         ;
; MISC_FILE                               ; fft-library/auk_dspip_bit_reverse_reverse_carry_adder_fft_111.vhd      ; --                             ; --          ; --         ;
; MISC_FILE                               ; fft-library/auk_dspip_math_pkg_fft_111.vhd                             ; --                             ; --          ; --         ;
; MISC_FILE                               ; fft-library/asj_fft_tdl_bit_fft_111.vhd                                ; --                             ; --          ; --         ;
; MISC_FILE                               ; fft-library/auk_dspip_r22sdf_twrom_fft_111.vhd                         ; --                             ; --          ; --         ;
; MISC_FILE                               ; fft-library/apn_fftfp_twiddle_opt_fft_111.vhd                          ; --                             ; --          ; --         ;
; MISC_FILE                               ; fft-library/apn_fftfp_unorm_fft_111.vhd                                ; --                             ; --          ; --         ;
; MISC_FILE                               ; fft-library/auk_dspip_lib_pkg_fft_111.vhd                              ; --                             ; --          ; --         ;
; MISC_FILE                               ; fft-library/asj_fft_1tdp_rom_fft_111.vhd                               ; --                             ; --          ; --         ;
; MISC_FILE                               ; fft-library/asj_fft_si_qe_so_bb_fft_111.vhd                            ; --                             ; --          ; --         ;
; MISC_FILE                               ; fft-library/apn_fftfp_laststage_fft_111.vhd                            ; --                             ; --          ; --         ;
; MISC_FILE                               ; fft-library/auk_dspip_r22sdf_enable_control_fft_111.vhd                ; --                             ; --          ; --         ;
; MISC_FILE                               ; fft-library/asj_fft_cxb_data_fft_111.vhd                               ; --                             ; --          ; --         ;
; MISC_FILE                               ; fft-library/apn_hcc_cntusgn32_fft_111.vhd                              ; --                             ; --          ; --         ;
; MISC_FILE                               ; fft-library/asj_fft_6tdp_rom_fft_111.vhd                               ; --                             ; --          ; --         ;
; MISC_FILE                               ; fft-library/asj_fft_lpprdadgen_fft_111.vhd                             ; --                             ; --          ; --         ;
; MISC_FILE                               ; fft-library/apn_fftfp_mul_2727_fft_111.vhd                             ; --                             ; --          ; --         ;
; MISC_FILE                               ; fft-library/auk_dspip_r22sdf_stg_out_pipe_fft_111.vhd                  ; --                             ; --          ; --         ;
; MISC_FILE                               ; fft-library/asj_fft_twiddle_ctrl_qe_fft_111.vhd                        ; --                             ; --          ; --         ;
; MISC_FILE                               ; fft-library/auk_dspip_roundsat_fft_111.vhd                             ; --                             ; --          ; --         ;
; MISC_FILE                               ; fft-library/apn_fft_mult_cpx_fft_111.vhd                               ; --                             ; --          ; --         ;
; MISC_FILE                               ; fft-library/auk_dspip_r22sdf_stage_fft_111.vhd                         ; --                             ; --          ; --         ;
; MISC_FILE                               ; fft-library/twid_rom_fft_111.vhd                                       ; --                             ; --          ; --         ;
; MISC_FILE                               ; fft-library/asj_fft_cnt_ctrl_fft_111.vhd                               ; --                             ; --          ; --         ;
; MISC_FILE                               ; fft-library/asj_fft_si_se_so_bb_fft_111.vhd                            ; --                             ; --          ; --         ;
; MISC_FILE                               ; fft-library/auk_dspip_fpcompiler_asrf_fft_111.vhd                      ; --                             ; --          ; --         ;
; MISC_FILE                               ; fft-library/asj_fft_si_de_so_bb_fft_111.vhd                            ; --                             ; --          ; --         ;
; MISC_FILE                               ; fft-library/apn_fftfp_shift_fft_111.vhd                                ; --                             ; --          ; --         ;
; MISC_FILE                               ; fft-library/auk_dspip_avalon_streaming_controller_pe_fft_111.vhd       ; --                             ; --          ; --         ;
; MISC_FILE                               ; fft_core.vo                                                            ; --                             ; --          ; --         ;
; MISC_FILE                               ; fft_core_tb.v                                                          ; --                             ; --          ; --         ;
; MISC_FILE                               ; fft_core_model.m                                                       ; --                             ; --          ; --         ;
; MISC_FILE                               ; fft_core_tb.m                                                          ; --                             ; --          ; --         ;
; MISC_FILE                               ; fft_core_nativelink.tcl                                                ; --                             ; --          ; --         ;
; MISC_FILE                               ; fft_core_real_input.txt                                                ; --                             ; --          ; --         ;
; MISC_FILE                               ; fft_core_imag_input.txt                                                ; --                             ; --          ; --         ;
; MISC_FILE                               ; fft_core_1n1024sin.hex                                                 ; --                             ; --          ; --         ;
; MISC_FILE                               ; fft_core_2n1024sin.hex                                                 ; --                             ; --          ; --         ;
; MISC_FILE                               ; fft_core_3n1024sin.hex                                                 ; --                             ; --          ; --         ;
; MISC_FILE                               ; fft_core_1n1024cos.hex                                                 ; --                             ; --          ; --         ;
; MISC_FILE                               ; fft_core_2n1024cos.hex                                                 ; --                             ; --          ; --         ;
; MISC_FILE                               ; fft_core_3n1024cos.hex                                                 ; --                             ; --          ; --         ;
; MISC_FILE                               ; fft_core.v                                                             ; --                             ; --          ; --         ;
; MISC_FILE                               ; fft_core_bb.v                                                          ; --                             ; --          ; --         ;
; MISC_FILE                               ; fft_core.bsf                                                           ; --                             ; --          ; --         ;
; MISC_FILE                               ; fft_core.qip                                                           ; --                             ; --          ; --         ;
; MISC_FILE                               ; fft_core.html                                                          ; --                             ; --          ; --         ;
; OPTIMIZE_HOLD_TIMING                    ; All Paths                                                              ; IO Paths and Minimum TPD Paths ; --          ; --         ;
; PARTITION_COLOR                         ; 16764057                                                               ; --                             ; --          ; Top        ;
; PARTITION_FITTER_PRESERVATION_LEVEL     ; PLACEMENT_AND_ROUTING                                                  ; --                             ; --          ; Top        ;
; PARTITION_NETLIST_TYPE                  ; SOURCE                                                                 ; --                             ; --          ; Top        ;
; PHYSICAL_SYNTHESIS_COMBO_LOGIC          ; On                                                                     ; Off                            ; --          ; --         ;
; PHYSICAL_SYNTHESIS_EFFORT               ; Extra                                                                  ; Normal                         ; --          ; --         ;
; PHYSICAL_SYNTHESIS_REGISTER_DUPLICATION ; On                                                                     ; Off                            ; --          ; --         ;
; PLACEMENT_EFFORT_MULTIPLIER             ; 4.0                                                                    ; 1.0                            ; --          ; --         ;
; POWER_BOARD_THERMAL_MODEL               ; None (CONSERVATIVE)                                                    ; --                             ; --          ; --         ;
; POWER_PRESET_COOLING_SOLUTION           ; 23 MM HEAT SINK WITH 200 LFPM AIRFLOW                                  ; --                             ; --          ; --         ;
; ROUTER_EFFORT_MULTIPLIER                ; 4.0                                                                    ; 1.0                            ; --          ; --         ;
; SEARCH_PATH                             ; .                                                                      ; --                             ; --          ; --         ;
; SEARCH_PATH                             ; fft-library                                                            ; --                             ; --          ; --         ;
+-----------------------------------------+------------------------------------------------------------------------+--------------------------------+-------------+------------+


+-------------------------------------------------------------------------------------------------------------------------------+
; Flow Elapsed Time                                                                                                             ;
+---------------------------+--------------+-------------------------+---------------------+------------------------------------+
; Module Name               ; Elapsed Time ; Average Processors Used ; Peak Virtual Memory ; Total CPU Time (on all processors) ;
+---------------------------+--------------+-------------------------+---------------------+------------------------------------+
; Analysis & Synthesis      ; 00:01:09     ; 1.0                     ; --                  ; 00:01:09                           ;
; Fitter                    ; 00:06:26     ; 3.1                     ; --                  ; 00:12:41                           ;
; Assembler                 ; 00:00:05     ; 1.0                     ; --                  ; 00:00:04                           ;
; TimeQuest Timing Analyzer ; 00:00:17     ; 2.5                     ; --                  ; 00:00:26                           ;
; Total                     ; 00:07:57     ; --                      ; --                  ; 00:14:20                           ;
+---------------------------+--------------+-------------------------+---------------------+------------------------------------+


+-------------------------------------------------------------------------------------------------+
; Flow OS Summary                                                                                 ;
+---------------------------+-----------------------------+---------+------------+----------------+
; Module Name               ; Machine Hostname            ; OS Name ; OS Version ; Processor type ;
+---------------------------+-----------------------------+---------+------------+----------------+
; Analysis & Synthesis      ; eecs2431p18.engin.umich.edu ; Red Hat ; 6          ; x86_64         ;
; Fitter                    ; eecs2431p18.engin.umich.edu ; Red Hat ; 6          ; x86_64         ;
; Assembler                 ; eecs2431p18.engin.umich.edu ; Red Hat ; 6          ; x86_64         ;
; TimeQuest Timing Analyzer ; eecs2431p18.engin.umich.edu ; Red Hat ; 6          ; x86_64         ;
+---------------------------+-----------------------------+---------+------------+----------------+


------------
; Flow Log ;
------------
quartus_map --read_settings_files=on --write_settings_files=off e100 -c top
quartus_fit --read_settings_files=off --write_settings_files=off e100 -c top
quartus_asm --read_settings_files=off --write_settings_files=off e100 -c top
quartus_sta e100 -c top



